Relaxed value upon selecting all items: 14


Exploring Node: [0, '*', '*']
Best possible value is: 9
Capacity is: 9
----------------
Exploring Node: [0, 0, '*']
Best possible value is: 3
Capacity is: 9
----------------
Exploring Node: [0, 0, 0]
Best possible value is: 0
Capacity is: 9
This is a leaf node.
----------------
Updating max estimation.
Updating max estimation.
Exploring Node: [0, '*', '*']
Best possible value is: 9
Capacity is: 9
----------------
Exploring Node: [0, 0, '*']
Best possible value is: 3
Capacity is: 9
----------------
Exploring Node: [0, 0, 0]
Best possible value is: 0
Capacity is: 9
This is a leaf node.
----------------
Exploring Node: [0, 0, 1]
Best possible value is: 3
Capacity is: 7
This is a leaf node.
----------------
Updating max estimation.
Updating max estimation.
Exploring Node: [0, 1, '*']
Best possible value is: 9
Capacity is: 4
----------------
Exploring Node: [0, 1, 0]
Best possible value is: 6
Capacity is: 4
This is a leaf node.
----------------
Updating max estimation.
Updating max estimation.
Exploring Node: [1, '*', '*']
Best possible value is: 14
Capacity is: 5
----------------
Exploring Node: [1, 0, '*']
Best possible value is: 8
Capacity is: 5
----------------
Exploring Node: [1, 0, 0]
Best possible value is: 5
Capacity is: 5
This is a leaf node.
----------------
Exploring Node: [0, '*', '*']
Best possible value is: 9
Capacity is: 9
----------------
Exploring Node: [0, 0, '*']
Best possible value is: 3
Capacity is: 9
No point pursuing this
----------------
Exploring Node: [0, 1, '*']
Best possible value is: 9
Capacity is: 4
----------------
Exploring Node: [0, 1, 0]
Best possible value is: 6
Capacity is: 4
This is a leaf node.
----------------
Exploring Node: [0, 1, 1]
Best possible value is: 9
Capacity is: 2
This is a leaf node.
----------------
Updating max estimation.
Updating max estimation.
Exploring Node: [1, '*', '*']
Best possible value is: 14
Capacity is: 5
----------------
Exploring Node: [1, 0, '*']
Best possible value is: 8
Capacity is: 5
No point pursuing this
----------------
Exploring Node: [1, 1, '*']
Best possible value is: 14
Capacity is: 0
----------------
Exploring Node: [1, 1, 0]
Best possible value is: 11
Capacity is: 0
This is a leaf node.
----------------
Updating max estimation.
Updating max estimation.
Exploring Node: [0, '*', '*']
Best possible value is: 9
Capacity is: 9
No point pursuing this
----------------
Exploring Node: [1, '*', '*']
Best possible value is: 14
Capacity is: 5
----------------
Exploring Node: [1, 0, '*']
Best possible value is: 8
Capacity is: 5
No point pursuing this
----------------
Exploring Node: [1, 1, '*']
Best possible value is: 14
Capacity is: 0
----------------
Exploring Node: [1, 1, 0]
Best possible value is: 11
Capacity is: 0
This is a leaf node.
----------------
Exploring Node: [1, 1, 1]
Best possible value is: 14
Capacity is: -2
This is a leaf node.
----------------
Exploring Node: [0, '*', '*']
Best possible value is: 9
Capacity is: 9
No point pursuing this
----------------
Exploring Node: [1, '*', '*']
Best possible value is: 14
Capacity is: 5
----------------
Exploring Node: [1, 0, '*']
Best possible value is: 8
Capacity is: 5
No point pursuing this
----------------
Exploring Node: [1, 1, '*']
Best possible value is: 14
Capacity is: 0
----------------
Exploring Node: [1, 1, 0]
Best possible value is: 11
Capacity is: 0
This is a leaf node.
----------------
Exploring Node: [1, 1, 1]
Best possible value is: 14
Capacity is: -2
This is a leaf node.
----------------
Exploring Node: [0, '*', '*']
Best possible value is: 9
Capacity is: 9
No point pursuing this
----------------
Exploring Node: [1, '*', '*']
Best possible value is: 14
Capacity is: 5
----------------
Exploring Node: [1, 0, '*']
Best possible value is: 8
Capacity is: 5
No point pursuing this
----------------
Exploring Node: [1, 1, '*']
Best possible value is: 14
Capacity is: 0
----------------
Exploring Node: [1, 1, 0]
Best possible value is: 11
Capacity is: 0
This is a leaf node.
----------------
Exploring Node: [1, 1, 1]
Best possible value is: 14
Capacity is: -2
This is a leaf node.
----------------
Exploring Node: [0, '*', '*']
Best possible value is: 9
Capacity is: 9
No point pursuing this
----------------
Exploring Node: [1, '*', '*']
Best possible value is: 14
Capacity is: 5
----------------
Exploring Node: [1, 0, '*']
Best possible value is: 8
Capacity is: 5
No point pursuing this
----------------
Exploring Node: [1, 1, '*']
Best possible value is: 14
Capacity is: 0
----------------
Exploring Node: [1, 1, 0]
Best possible value is: 11
Capacity is: 0
This is a leaf node.
----------------
Exploring Node: [1, 1, 1]
Best possible value is: 14
Capacity is: -2
This is a leaf node.
----------------
Exploring Node: [0, '*', '*']
Best possible value is: 9
Capacity is: 9
No point pursuing this
----------------
Exploring Node: [1, '*', '*']
Best possible value is: 14
Capacity is: 5
----------------
Exploring Node: [1, 0, '*']
Best possible value is: 8
Capacity is: 5
No point pursuing this
----------------
Exploring Node: [1, 1, '*']
Best possible value is: 14
Capacity is: 0
----------------
Exploring Node: [1, 1, 0]
Best possible value is: 11
Capacity is: 0
This is a leaf node.
----------------
Exploring Node: [1, 1, 1]
Best possible value is: 14
Capacity is: -2
This is a leaf node.
----------------
Exploring Node: [0, '*', '*']
Best possible value is: 9
Capacity is: 9
No point pursuing this
----------------
Exploring Node: [1, '*', '*']
Best possible value is: 14
Capacity is: 5
----------------
Exploring Node: [1, 0, '*']
Best possible value is: 8
Capacity is: 5
No point pursuing this
----------------
Exploring Node: [1, 1, '*']
Best possible value is: 14
Capacity is: 0
----------------
Exploring Node: [1, 1, 0]
Best possible value is: 11
Capacity is: 0
This is a leaf node.
----------------
Exploring Node: [1, 1, 1]
Best possible value is: 14
Capacity is: -2
This is a leaf node.
----------------
11 0
1 1 0
